07:24:37.188 INFO [GridLauncherV3.parse] - Selenium server version: 3.141.59, revision: e82be7d358
07:24:37.250 INFO [GridLauncherV3.lambda$buildLaunchers$3] - Launching a standalone Selenium Server on port 4445
2019-05-20 07:24:37.294:INFO::main: Logging initialized @280ms to org.seleniumhq.jetty9.util.log.StdErrLog
07:24:37.508 INFO [WebDriverServlet.<init>] - Initialising WebDriverServlet
07:24:37.676 INFO [SeleniumServer.boot] - Selenium Server is up and running on port 4445
07:24:37.894 INFO [ActiveSessionFactory.apply] - Capabilities are: {
  "acceptSslCerts": true,
  "browserName": "chrome",
  "name": "Employee Manager"
}
07:24:37.897 INFO [ActiveSessionFactory.lambda$apply$11] - Matched factory org.openqa.selenium.grid.session.remote.ServicedSession$Factory (provider: org.openqa.selenium.chrome.ChromeDriverService)
Starting ChromeDriver 74.0.3729.6 (255758eccf3d244491b8a1317aa76e1ce10d57e9-refs/branch-heads/3729@{#29}) on port 21147
Only local connections are allowed.
Please protect ports used by ChromeDriver and related test frameworks to prevent access by malicious code.
07:24:40.247 INFO [ProtocolHandshake.createSession] - Detected dialect: OSS
07:24:40.474 INFO [RemoteSession$Factory.lambda$performHandshake$0] - Started new session 2c9ccd4cb73d3127a8507196dd730670 (org.openqa.selenium.chrome.ChromeDriverService)
07:25:01.786 INFO [ActiveSessions$1.onStop] - Removing session 2c9ccd4cb73d3127a8507196dd730670 (org.openqa.selenium.chrome.ChromeDriverService)
07:25:01.804 INFO [ActiveSessionFactory.apply] - Capabilities are: {
  "acceptSslCerts": true,
  "browserName": "chrome",
  "name": "Employee Manager"
}
07:25:01.804 INFO [ActiveSessionFactory.lambda$apply$11] - Matched factory org.openqa.selenium.grid.session.remote.ServicedSession$Factory (provider: org.openqa.selenium.chrome.ChromeDriverService)
Starting ChromeDriver 74.0.3729.6 (255758eccf3d244491b8a1317aa76e1ce10d57e9-refs/branch-heads/3729@{#29}) on port 37953
Only local connections are allowed.
Please protect ports used by ChromeDriver and related test frameworks to prevent access by malicious code.
07:25:03.968 INFO [ProtocolHandshake.createSession] - Detected dialect: OSS
07:25:03.997 INFO [RemoteSession$Factory.lambda$performHandshake$0] - Started new session 0a2855539c8143ba393c6e3f10b01ec2 (org.openqa.selenium.chrome.ChromeDriverService)
07:25:12.834 INFO [ActiveSessions$1.onStop] - Removing session 0a2855539c8143ba393c6e3f10b01ec2 (org.openqa.selenium.chrome.ChromeDriverService)
07:25:12.850 INFO [ActiveSessionFactory.apply] - Capabilities are: {
  "acceptSslCerts": true,
  "browserName": "chrome",
  "name": "Employee Manager"
}
07:25:12.850 INFO [ActiveSessionFactory.lambda$apply$11] - Matched factory org.openqa.selenium.grid.session.remote.ServicedSession$Factory (provider: org.openqa.selenium.chrome.ChromeDriverService)
Starting ChromeDriver 74.0.3729.6 (255758eccf3d244491b8a1317aa76e1ce10d57e9-refs/branch-heads/3729@{#29}) on port 47959
Only local connections are allowed.
Please protect ports used by ChromeDriver and related test frameworks to prevent access by malicious code.
07:25:14.986 INFO [ProtocolHandshake.createSession] - Detected dialect: OSS
07:25:15.027 INFO [RemoteSession$Factory.lambda$performHandshake$0] - Started new session cccd262df60437b061e1703194837593 (org.openqa.selenium.chrome.ChromeDriverService)
07:25:31.387 INFO [ActiveSessions$1.onStop] - Removing session cccd262df60437b061e1703194837593 (org.openqa.selenium.chrome.ChromeDriverService)
07:25:31.401 INFO [ActiveSessionFactory.apply] - Capabilities are: {
  "acceptSslCerts": true,
  "browserName": "chrome",
  "name": "Employee Manager"
}
07:25:31.402 INFO [ActiveSessionFactory.lambda$apply$11] - Matched factory org.openqa.selenium.grid.session.remote.ServicedSession$Factory (provider: org.openqa.selenium.chrome.ChromeDriverService)
Starting ChromeDriver 74.0.3729.6 (255758eccf3d244491b8a1317aa76e1ce10d57e9-refs/branch-heads/3729@{#29}) on port 38564
Only local connections are allowed.
Please protect ports used by ChromeDriver and related test frameworks to prevent access by malicious code.
07:25:33.517 INFO [ProtocolHandshake.createSession] - Detected dialect: OSS
07:25:33.567 INFO [RemoteSession$Factory.lambda$performHandshake$0] - Started new session 2ba14359f03c1176f879721badcb2ad6 (org.openqa.selenium.chrome.ChromeDriverService)
07:26:08.207 INFO [ActiveSessions$1.onStop] - Removing session 2ba14359f03c1176f879721badcb2ad6 (org.openqa.selenium.chrome.ChromeDriverService)
07:26:08.221 INFO [ActiveSessionFactory.apply] - Capabilities are: {
  "acceptSslCerts": true,
  "browserName": "chrome",
  "name": "Employee Manager"
}
07:26:08.222 INFO [ActiveSessionFactory.lambda$apply$11] - Matched factory org.openqa.selenium.grid.session.remote.ServicedSession$Factory (provider: org.openqa.selenium.chrome.ChromeDriverService)
Starting ChromeDriver 74.0.3729.6 (255758eccf3d244491b8a1317aa76e1ce10d57e9-refs/branch-heads/3729@{#29}) on port 31659
Only local connections are allowed.
Please protect ports used by ChromeDriver and related test frameworks to prevent access by malicious code.
07:26:10.345 INFO [ProtocolHandshake.createSession] - Detected dialect: OSS
07:26:10.371 INFO [RemoteSession$Factory.lambda$performHandshake$0] - Started new session 5cec6f14101ff97c8c41e605009d8431 (org.openqa.selenium.chrome.ChromeDriverService)
07:26:24.044 INFO [ActiveSessions$1.onStop] - Removing session 5cec6f14101ff97c8c41e605009d8431 (org.openqa.selenium.chrome.ChromeDriverService)
